TN:
SF:index.js
FN:10,(anonymous_0)
FNF:1
FNH:1
FNDA:14,(anonymous_0)
DA:3,14
DA:4,14
DA:5,14
DA:6,14
DA:7,14
DA:8,14
DA:10,14
DA:11,14
DA:23,14
DA:24,14
DA:25,14
DA:27,14
DA:28,14
DA:30,14
DA:34,14
DA:36,14
DA:37,14
DA:39,14
LF:18
LH:18
BRDA:34,0,0,0
BRDA:34,0,1,14
BRF:2
BRH:1
end_of_record
TN:
SF:lib/agent.js
FN:3,setupAgent
FN:4,createOrUpdate
FN:22,findById
FN:28,findByUuid
FN:36,findAll
FN:40,findConnected
FN:48,findByUsername
FNF:7
FNH:7
FNDA:14,setupAgent
FNDA:2,createOrUpdate
FNDA:1,findById
FNDA:1,findByUuid
FNDA:1,findAll
FNDA:1,findConnected
FNDA:1,findByUsername
DA:3,2
DA:5,2
DA:11,2
DA:13,2
DA:14,1
DA:15,1
DA:18,1
DA:19,1
DA:25,1
DA:29,1
DA:37,1
DA:41,1
DA:49,1
DA:57,14
LF:14
LH:14
BRDA:13,0,0,1
BRDA:13,0,1,1
BRDA:15,1,0,1
BRDA:15,1,1,0
BRF:4
BRH:3
end_of_record
TN:
SF:lib/db.js
FN:6,setupDatabase
FNF:1
FNH:1
FNDA:14,setupDatabase
DA:3,2
DA:4,2
DA:6,2
DA:7,14
DA:8,2
DA:10,14
LF:6
LH:6
BRDA:7,0,0,2
BRDA:7,0,1,12
BRF:2
BRH:2
end_of_record
TN:
SF:lib/metric.js
FN:3,setupMetric
FN:4,findByAgentUuid
FN:17,findByTypeAgentUuid
FN:32,create
FNF:4
FNH:4
FNDA:14,setupMetric
FNDA:1,findByAgentUuid
FNDA:1,findByTypeAgentUuid
FNDA:1,create
DA:3,2
DA:5,1
DA:18,1
DA:33,1
DA:35,1
DA:36,1
DA:37,1
DA:38,1
DA:42,14
LF:9
LH:9
BRDA:35,0,0,1
BRDA:35,0,1,0
BRF:2
BRH:1
end_of_record
TN:
SF:models/agent.js
FN:7,setupAgentModel
FNF:1
FNH:0
FNDA:0,setupAgentModel
DA:3,2
DA:5,2
DA:7,2
DA:8,0
DA:10,0
LF:5
LH:3
BRF:0
BRH:0
end_of_record
TN:
SF:models/metric.js
FN:7,setupMetricModel
FNF:1
FNH:0
FNDA:0,setupMetricModel
DA:3,2
DA:5,2
DA:7,2
DA:8,0
DA:10,0
LF:5
LH:3
BRF:0
BRH:0
end_of_record
